[08:50:25] [Netty Client IO #12/INFO]: Attempting connection with missing mods [moresoundconfigcore, betterquesting, ctgui, ctm, fancymenu, renderlib, soundfilters, bq_standard, moresoundconfig] at SERVER
[08:56:14] [Client thread/INFO]: [FANCYMENU] Updating animation sizes..
[08:57:01] [Netty Client IO #13/INFO]: Attempting connection with missing mods [moresoundconfigcore, betterquesting, ctgui, ctm, fancymenu, renderlib, soundfilters, bq_standard, moresoundconfig] at SERVER
[08:57:16] [Client thread/INFO]: Connecting to 74.77.82.85, 50018
[08:57:17] [Netty Client IO #14/INFO]: Server protocol version 2
[08:57:17] [Netty Client IO #14/INFO]: Attempting connection with missing mods [moresoundconfigcore, betterquesting, ctgui, ctm, fancymenu, renderlib, soundfilters, bq_standard, moresoundconfig] at SERVER
[08:57:17] [Client thread/INFO]: Injecting existing registry data into this client instance
[08:57:27] [Client thread/INFO]: Applying holder lookups
[08:57:27] [Client thread/INFO]: Holder lookups applied
[08:57:27] [Netty Client IO #14/INFO]: Updating 0 synced key mappings
[08:57:27] [Netty Client IO #14/INFO]: [Netty Client IO #14] Client side modded connection established
[08:57:36] [Netty Client IO #14/INFO]: Server reported version 1.4.4
[08:57:36] [Netty Client IO #14/ERROR]: Could not get save directory. Either you are connected to a server or Squads will not save properly.
[08:57:36] [Netty Client IO #14/INFO]: Received server authentication msg. Remote sync will be activated
[08:57:36] [Netty Client IO #14/INFO]: [com.mrcrayfish.furniture.api.RecipeRegistryRemote:registerRemoteRecipes:1080]: RecipeAPI (Remote): Syncing 88 recipes from the server.
[08:57:36] [Netty Client IO #14/INFO]: Syncing Config with Server
[08:57:36] [Client thread/INFO]: [CHAT] [§6SecurityCraft§f] Thanks for using SecurityCraft v1.9.2! Tip: If you like SecurityCraft, please consider supporting us on Patreon! You can work with us to get a feature of your choosing into the mod. https://www.patreon.com/Geforce
[08:57:36] [Client thread/INFO]: Synced client config with server config.
[08:57:39] [Client thread/INFO]: Loaded 393 advancements
[08:57:39] [Client thread/INFO]: [CHAT] Thank you for downloading MrCrayfish's Furniture Mod.
[08:57:39] [Client thread/INFO]: [CHAT] §6-> §aCheck out all MrCrayfish's Mods
[08:57:39] [Client thread/INFO]: [CHAT] §6-> §rmrcrayfish.com
[09:01:17] [Client thread/INFO]: Loaded 393 advancements
[09:02:32] [Client thread/INFO]: Loaded 393 advancements
