[12:00:30] [Client thread/INFO] [JMLogger] JourneyMap log initialized.
[12:00:30] [Client thread/INFO] [JourneymapClient] initialize ENTER
[12:00:31] [Client thread/INFO] [?] Version: JourneyMap 1.12.2-5.7.1, built with Forge 14.23.5.2768
Forge: 14.23.5.2859
Environment: os.name, os.arch, java.version, user.country, user.language=null, game language=en_us, locale=en_us
Features: 
	RadarPlayers : singleplayer = true , multiplayer = true
	RadarAnimals : singleplayer = true , multiplayer = true
	RadarMobs : singleplayer = true , multiplayer = true
	RadarVillagers : singleplayer = true , multiplayer = true
	MapTopo : singleplayer = true , multiplayer = true
	MapSurface : singleplayer = true , multiplayer = true
	MapCaves : singleplayer = true , multiplayer = true
MiniMapProperties{state=Valid, file=journeymap.minimap.config, configVersion=5.7.1, zoomLevel=1, showPlayers=true, frameAlpha=0, compassFontScale=2, terrainAlpha=70, showEntityNames=true, enabled=true, showPlayerHeading=true, showVillagers=true, info2Label=Game Time, sizePercent=30, showDayNight=true, info3Label=Location, showMobs=true, showPets=true, preferredMapType=day, showCompass=true, mobDisplay=Small Dots, showReticle=false, orientation=My Heading, systemTimeRealFormat=HH:mm:ss, shape=Circle, showSelf=true, info4Label=Biome, locationFormat=xzyv, playerDisplay=Large Icons, showGrid=true, reticleOrientation=Compass, gameTimeRealFormat=HH:mm:ss, showWaypoints=true, showCaves=true, showAnimals=true, showMobHeading=true, showWaypointLabels=true, locationFormatVerbose=true, position=Top Right, info1Label=Blank, fontScale=2}
MiniMapProperties{state=Valid, file=journeymap.minimap2.config, configVersion=5.7.1, zoomLevel=0, showPlayers=true, frameAlpha=100, compassFontScale=1, terrainAlpha=100, showEntityNames=true, enabled=true, showPlayerHeading=true, showVillagers=true, info2Label=Game Time, sizePercent=30, showDayNight=true, info3Label=Location, showMobs=true, showPets=true, preferredMapType=day, showCompass=true, mobDisplay=Small Dots, showReticle=true, orientation=North, systemTimeRealFormat=HH:mm:ss, shape=Rectangle, showSelf=true, info4Label=Biome, locationFormat=xzyv, playerDisplay=Small Dots, showGrid=true, reticleOrientation=Compass, gameTimeRealFormat=HH:mm:ss, showWaypoints=true, showCaves=true, showAnimals=true, showMobHeading=true, showWaypointLabels=true, locationFormatVerbose=true, position=Bottom Left, info1Label=Blank, fontScale=1}
FullMapProperties{state=Valid, file=journeymap.fullmap.config, configVersion=5.7.1, mobDisplay=Small Dots, zoomLevel=2, showPlayers=true, showSelf=true, locationFormat=xzyv, playerDisplay=Small Dots, showGrid=true, showEntityNames=true, showPlayerHeading=true, showVillagers=true, showWaypoints=true, showCaves=false, showAnimals=true, showMobHeading=true, showKeys=true, showWaypointLabels=true, locationFormatVerbose=true, showMobs=true, showPets=true, fontScale=1, preferredMapType=day}
WaypointProperties{state=Valid, file=journeymap.waypoint.config, configVersion=5.7.1, autoRemoveDeathpointDistance=2, createDeathpoints=true, showName=true, dateFormat=MM-dd-yyyy, autoRemoveDeathpoints=false, maxDistance=0, autoHideLabel=true, teleportCommand=/tp {name} {x} {y} {z}, showStaticBeam=true, minDistance=4, timeFormat=HH:mm:ss, boldLabel=false, textureSmall=true, showDeathpointlabel=true, showDistance=true, showRotatingBeam=true, fontScale=2, showTexture=true, managerEnabled=true, beaconEnabled=true}
WebMapProperties{state=Valid, file=journeymap.webmap.config, configVersion=5.7.1, zoomLevel=0, showWaypoints=true, showCaves=true, showSelf=true, port=8080, showGrid=true, showEntityNames=true, enabled=false, preferredMapType=day}
CoreProperties{state=Valid, file=journeymap.core.config, configVersion=5.7.1, verboseColorPalette=false, maxPlayersData=15, mapSurfaceAboveCaves=true, optionsManagerViewed=5.7.1, announceMod=false, colorPassive=#bbbbbb, renderOverlayEventTypeName=ALL, mapBlendWater=false, renderDistanceSurfaceMax=7, radarVerticalDistance=16, mapBlendGrass=true, recordCacheStats=false, hideSneakingEntities=true, revealShape=Circle, alwaysMapSurface=false, colorVillager=#88e188, mapPlants=false, colorPet=#0077ff, radarLateralDistance=64, mapBathymetry=false, mapCrops=true, maxMobsData=100, mapPlantShadows=false, alwaysMapCaves=false, checkUpdates=false, browserPoll=2000, mapBlendFoliage=true, mappingEnabled=true, colorPlayer=#ffffff, tileHighDisplayQuality=true, cacheVillagersData=2200, logLevel=INFO, maxVillagersData=30, maxAnimalsData=25, mapTransparency=true, tileRenderType=1, caveIgnoreGlass=true, mapTopography=true, renderDistanceCaveMax=3, mapAntialiasing=true, colorSelf=#0000ff, cachePlayersData=2000, cacheMobsData=3000, cachePlayerData=1000, splashViewed=5.7.1, colorHostile=#ff0000, cacheAnimalsData=3100, themeName=OceanMonument, mapCaveLighting=true, renderDelay=2, renderOverlayPreEvent=true, autoMapPoll=2000}
[12:00:31] [Client thread/INFO] [ClientAPI] [ClientAPI] built with JourneyMap API 1.4
[12:00:31] [Client thread/INFO] [PluginHelper] Initializing plugins with Client API: journeymap.client.api.impl.ClientAPI
[12:00:31] [Client thread/INFO] [PluginHelper] Initialized IClientPlugin: net.blay09.mods.waystones.compat.JourneyMapAddon
[12:00:31] [Client thread/INFO] [JourneymapClient] initialize EXIT, elapsed count 0 avg ?ms
[12:00:41] [Client thread/INFO] [IconSetFileHandler] Added entity icons from journeymap:icon/entity. Success: false
[12:00:41] [Client thread/INFO] [ThemeLoader] Preloaded theme textures: 73
[12:00:41] [Client thread/INFO] [VersionCheck] Update check disabled in properties file.
[12:01:33] [Client thread/INFO] [ModBlockDelegate] Custom modded block handling enabled for biomesoplenty
[12:01:33] [Client thread/INFO] [WaypointStore] Loaded 4 waypoints from C:\Users\gamep\curseforge\minecraft\Instances\The-escape-from-life-modpack\journeymap\data\mp\Escape\waypoints
[12:01:33] [Client thread/INFO] [JourneymapClient] Mapping started in C:\Users\gamep\curseforge\minecraft\Instances\The-escape-from-life-modpack\journeymap\data\mp\Escape\DIM0. Memory: 4529MB total, 841MB free 
[12:08:12] [Client thread/INFO] [CmdTeleportWaypoint] Attempting jtp teleport with command: /jtp 104.5 89 97.5 0
[12:19:45] [Client thread/ERROR] [JMLogger] Can't get entityTexture for class net.tslat.aoa3.entity.mobs.overworld.EntityShadow via class net.tslat.aoa3.client.render.entities.mobs.overworld.ShadowRenderer (SUPPRESSED)
[12:28:32] [Client thread/INFO] [StateTickHandler] Trident_For_U died at BlockPos{x=-375, y=71, z=644}. Deathpoints enabled: true. Deathpoint created: true
[12:33:44] [Client thread/INFO] [JourneymapClient] Mapping halted in C:\Users\gamep\curseforge\minecraft\Instances\The-escape-from-life-modpack\journeymap\data\mp\Escape\DIM0
[12:34:33] [Client thread/INFO] [WaypointStore] Loaded 6 waypoints from C:\Users\gamep\curseforge\minecraft\Instances\The-escape-from-life-modpack\journeymap\data\mp\Escape\waypoints
[12:34:33] [Client thread/INFO] [JourneymapClient] Mapping started in C:\Users\gamep\curseforge\minecraft\Instances\The-escape-from-life-modpack\journeymap\data\mp\Escape\DIM0. Memory: 4418MB total, 1139MB free 
[12:37:16] [Client thread/INFO] [CmdTeleportWaypoint] Attempting jtp teleport with command: /jtp 2083.5 72 6149.5 0
[13:03:17] [Client thread/WARN] [TextureImpl] GL Error in TextureImpl after glTexImage2D: 1281 in RegionTextureImpl{glid=479, description=C:\Users\gamep\curseforge\minecraft\Instances\The-escape-from-life-modpack\journeymap\data\mp\Escape\DIM0\day\-3,-1.png, lastImageUpdate=1657990997012, lastBound=0}
[13:03:19] [Client thread/INFO] [CmdTeleportWaypoint] Attempting jtp teleport with command: /jtp 2083.5 72 6149.5 0
[13:07:09] [Client thread/INFO] [JourneymapClient] Mapping halted in C:\Users\gamep\curseforge\minecraft\Instances\The-escape-from-life-modpack\journeymap\data\mp\Escape\DIM0
[13:07:36] [Client thread/INFO] [WaypointStore] Loaded 6 waypoints from C:\Users\gamep\curseforge\minecraft\Instances\The-escape-from-life-modpack\journeymap\data\mp\Escape\waypoints
[13:07:36] [Client thread/INFO] [JourneymapClient] Mapping started in C:\Users\gamep\curseforge\minecraft\Instances\The-escape-from-life-modpack\journeymap\data\mp\Escape\DIM0. Memory: 5154MB total, 1653MB free 
[13:16:17] [Client thread/INFO] [JourneymapClient] Mapping halted in C:\Users\gamep\curseforge\minecraft\Instances\The-escape-from-life-modpack\journeymap\data\mp\Escape\DIM0
[13:29:06] [Client thread/INFO] [WaypointStore] Loaded 6 waypoints from C:\Users\gamep\curseforge\minecraft\Instances\The-escape-from-life-modpack\journeymap\data\mp\Escape\waypoints
[13:29:06] [Client thread/INFO] [JourneymapClient] Mapping started in C:\Users\gamep\curseforge\minecraft\Instances\The-escape-from-life-modpack\journeymap\data\mp\Escape\DIM0. Memory: 5184MB total, 1568MB free 
[14:15:12] [Client thread/INFO] [StateTickHandler] Trident_For_U died at BlockPos{x=2075, y=59, z=6154}. Deathpoints enabled: true. Deathpoint created: true
[14:16:17] [Client thread/INFO] [StateTickHandler] Trident_For_U died at BlockPos{x=2082, y=59, z=6153}. Deathpoints enabled: true. Deathpoint created: true
[14:19:56] [Client thread/INFO] [JourneymapClient] Mapping halted in C:\Users\gamep\curseforge\minecraft\Instances\The-escape-from-life-modpack\journeymap\data\mp\Escape\DIM0
[14:33:20] [Client thread/INFO] [WaypointStore] Loaded 8 waypoints from C:\Users\gamep\curseforge\minecraft\Instances\The-escape-from-life-modpack\journeymap\data\mp\Escape\waypoints
[14:33:20] [Client thread/INFO] [JourneymapClient] Mapping started in C:\Users\gamep\curseforge\minecraft\Instances\The-escape-from-life-modpack\journeymap\data\mp\Escape\DIM0. Memory: 5426MB total, 2005MB free 
[14:46:07] [Client thread/INFO] [CmdTeleportWaypoint] Attempting jtp teleport with command: /jtp 2083.5 72 6149.5 0
[14:48:01] [Client thread/INFO] [JourneymapClient] Mapping halted in C:\Users\gamep\curseforge\minecraft\Instances\The-escape-from-life-modpack\journeymap\data\mp\Escape\DIM0
[14:52:21] [Client thread/INFO] [WaypointStore] Loaded 5 waypoints from C:\Users\gamep\curseforge\minecraft\Instances\The-escape-from-life-modpack\journeymap\data\mp\Escape\waypoints
[14:52:21] [Client thread/INFO] [JourneymapClient] Mapping started in C:\Users\gamep\curseforge\minecraft\Instances\The-escape-from-life-modpack\journeymap\data\mp\Escape\DIM0. Memory: 5525MB total, 1809MB free 
[14:54:05] [Client thread/INFO] [JourneymapClient] Mapping halted in C:\Users\gamep\curseforge\minecraft\Instances\The-escape-from-life-modpack\journeymap\data\mp\Escape\DIM0
[14:54:45] [Client thread/INFO] [WaypointStore] Loaded 5 waypoints from C:\Users\gamep\curseforge\minecraft\Instances\The-escape-from-life-modpack\journeymap\data\mp\Escape\waypoints
[14:54:45] [Client thread/INFO] [JourneymapClient] Mapping started in C:\Users\gamep\curseforge\minecraft\Instances\The-escape-from-life-modpack\journeymap\data\mp\Escape\DIM0. Memory: 5584MB total, 2057MB free 
[14:55:47] [Client thread/INFO] [JourneymapClient] Mapping halted in C:\Users\gamep\curseforge\minecraft\Instances\The-escape-from-life-modpack\journeymap\data\mp\Escape\DIM0
